<?xml version="1.0" encoding="UTF-8"?>
<!-- Generated by org.testng.reporters.JUnitXMLReporter -->
<testsuite ignored="0" hostname="DESKTOP-HIOUSGQ" failures="0" tests="9" name="Default test" time="18.867" errors="0" timestamp="2025-05-05T01:37:03 EET">
  <testcase classname="almosafer.myTest" name="EnglishLanguage" time="0.045"/>
  <testcase classname="almosafer.myTest" name="CurrencyIsSAR" time="0.04"/>
  <testcase classname="almosafer.myTest" name="ContactNumber" time="0.023"/>
  <testcase classname="almosafer.myTest" name="QitafLogo" time="0.049"/>
  <testcase classname="almosafer.myTest" name="HotelsSearchNotDefault" time="0.027"/>
  <testcase classname="almosafer.myTest" name="FlightDate" time="0.198"/>
  <testcase classname="almosafer.myTest" name="ChangeLanguageRandomly" time="2.051"/>
  <testcase classname="almosafer.myTest" name="SearchHotels" time="4.927"/>
  <testcase classname="almosafer.myTest" name="SearchResultsPage" time="7.813"/>
</testsuite> <!-- Default test -->
