<?xml version="1.0" encoding="UTF-8"?>
<testng-results ignored="0" total="9" passed="9" failed="0" skipped="0">
  <reporter-output>
  </reporter-output>
  <suite started-at="2025-05-05T01:36:45 EET" name="Default suite" finished-at="2025-05-05T01:37:03 EET" duration-ms="18867">
    <groups>
    </groups>
    <test started-at="2025-05-05T01:36:45 EET" name="Default test" finished-at="2025-05-05T01:37:03 EET" duration-ms="18867">
      <class name="almosafer.myTest">
        <test-method is-config="true" signature="mySetup()[pri:0, instance:almosafer.myTest@3cc41abc]" started-at="2025-05-05T01:36:45 EET" name="mySetup" finished-at="2025-05-05T01:36:47 EET" duration-ms="2098" status="PASS">
          <reporter-output>
          </reporter-output>
        </test-method> <!-- mySetup -->
        <test-method signature="EnglishLanguage()[pri:1, instance:almosafer.myTest@3cc41abc]" started-at="2025-05-05T01:36:47 EET" name="EnglishLanguage" finished-at="2025-05-05T01:36:47 EET" duration-ms="45" status="PASS">
          <reporter-output>
          </reporter-output>
        </test-method> <!-- EnglishLanguage -->
        <test-method signature="CurrencyIsSAR()[pri:2, instance:almosafer.myTest@3cc41abc]" started-at="2025-05-05T01:36:47 EET" name="CurrencyIsSAR" finished-at="2025-05-05T01:36:47 EET" duration-ms="40" status="PASS">
          <reporter-output>
          </reporter-output>
        </test-method> <!-- CurrencyIsSAR -->
        <test-method signature="ContactNumber()[pri:3, instance:almosafer.myTest@3cc41abc]" started-at="2025-05-05T01:36:47 EET" name="ContactNumber" finished-at="2025-05-05T01:36:47 EET" duration-ms="23" status="PASS">
          <reporter-output>
          </reporter-output>
        </test-method> <!-- ContactNumber -->
        <test-method signature="QitafLogo()[pri:4, instance:almosafer.myTest@3cc41abc]" started-at="2025-05-05T01:36:47 EET" name="QitafLogo" finished-at="2025-05-05T01:36:47 EET" duration-ms="49" status="PASS">
          <reporter-output>
          </reporter-output>
        </test-method> <!-- QitafLogo -->
        <test-method signature="HotelsSearchNotDefault()[pri:5, instance:almosafer.myTest@3cc41abc]" started-at="2025-05-05T01:36:47 EET" name="HotelsSearchNotDefault" finished-at="2025-05-05T01:36:47 EET" duration-ms="27" status="PASS">
          <reporter-output>
          </reporter-output>
        </test-method> <!-- HotelsSearchNotDefault -->
        <test-method signature="FlightDate()[pri:6, instance:almosafer.myTest@3cc41abc]" started-at="2025-05-05T01:36:47 EET" name="FlightDate" finished-at="2025-05-05T01:36:47 EET" duration-ms="198" status="PASS">
          <reporter-output>
          </reporter-output>
        </test-method> <!-- FlightDate -->
        <test-method signature="ChangeLanguageRandomly()[pri:7, instance:almosafer.myTest@3cc41abc]" started-at="2025-05-05T01:36:47 EET" name="ChangeLanguageRandomly" finished-at="2025-05-05T01:36:49 EET" duration-ms="2051" status="PASS">
          <reporter-output>
          </reporter-output>
        </test-method> <!-- ChangeLanguageRandomly -->
        <test-method signature="SearchHotels()[pri:8, instance:almosafer.myTest@3cc41abc]" started-at="2025-05-05T01:36:49 EET" name="SearchHotels" finished-at="2025-05-05T01:36:54 EET" duration-ms="4927" status="PASS">
          <reporter-output>
          </reporter-output>
        </test-method> <!-- SearchHotels -->
        <test-method signature="SearchResultsPage()[pri:9, instance:almosafer.myTest@3cc41abc]" started-at="2025-05-05T01:36:54 EET" name="SearchResultsPage" finished-at="2025-05-05T01:37:02 EET" duration-ms="7813" status="PASS">
          <reporter-output>
          </reporter-output>
        </test-method> <!-- SearchResultsPage -->
        <test-method is-config="true" signature="finish()[pri:0, instance:almosafer.myTest@3cc41abc]" started-at="2025-05-05T01:37:02 EET" name="finish" finished-at="2025-05-05T01:37:03 EET" duration-ms="1534" status="PASS">
          <reporter-output>
          </reporter-output>
        </test-method> <!-- finish -->
      </class> <!-- almosafer.myTest -->
    </test> <!-- Default test -->
  </suite> <!-- Default suite -->
</testng-results>
